COMPILING
/usr/lib/ruby/vendor_ruby/rubygems/defaults/operating_system.rb:10: warning: constant Gem::ConfigMap is deprecated
/usr/lib/ruby/vendor_ruby/rubygems/defaults/operating_system.rb:10: warning: constant Gem::ConfigMap is deprecated
/usr/lib/ruby/vendor_ruby/rubygems/defaults/operating_system.rb:29: warning: constant Gem::ConfigMap is deprecated
/usr/lib/ruby/vendor_ruby/rubygems/defaults/operating_system.rb:30: warning: constant Gem::ConfigMap is deprecated
/usr/lib/ruby/vendor_ruby/rubygems/defaults/operating_system.rb:10: warning: constant Gem::ConfigMap is deprecated
/usr/lib/ruby/vendor_ruby/rubygems/defaults/operating_system.rb:10: warning: constant Gem::ConfigMap is deprecated
/usr/lib/ruby/vendor_ruby/rubygems/defaults/operating_system.rb:10: warning: constant Gem::ConfigMap is deprecated
/usr/lib/ruby/vendor_ruby/rubygems/defaults/operating_system.rb:10: warning: constant Gem::ConfigMap is deprecated
/usr/lib/ruby/vendor_ruby/rubygems/defaults/operating_system.rb:10: warning: constant Gem::ConfigMap is deprecated
Using concurrent-ruby 1.1.7
/usr/lib/ruby/vendor_ruby/rubygems/defaults/operating_system.rb:10: warning: constant Gem::ConfigMap is deprecated
Using i18n 0.9.5
Using minitest 5.14.2
Using thread_safe 0.3.6
Using tzinfo 1.2.7
Using activesupport 4.2.11.1
Using public_suffix 3.1.1
Using addressable 2.7.0
Using bundler 2.1.4
Using coffee-script-source 1.11.1
Using execjs 2.7.0
Using coffee-script 2.4.1
Using colorator 1.1.0
Using ruby-enum 0.8.0
Using commonmarker 0.17.13
Using unf_ext 0.0.7.7
Using unf 0.1.4
Using simpleidn 0.1.1
Using dnsruby 1.61.4
Using eventmachine 1.2.7
Using http_parser.rb 0.6.0
Using em-websocket 0.5.1
Using ffi 1.13.1
Using ethon 0.12.0
Using multipart-post 2.1.1
Using faraday 1.0.1
Using forwardable-extended 2.6.0
Using gemoji 3.0.1
Using sawyer 0.8.2
Using octokit 4.18.0
Using typhoeus 1.4.0
Using github-pages-health-check 1.16.1
Using rb-fsevent 0.10.4
Using rb-inotify 0.10.1
Using sass-listen 4.0.0
Using sass 3.7.4
Using jekyll-sass-converter 1.5.2
Using ruby_dep 1.5.0
Using listen 3.1.5
Using jekyll-watch 2.2.1
Using kramdown 1.17.0
Using liquid 4.0.0
Using mercenary 0.3.6
Using pathutil 0.16.2
Using rouge 2.2.1
Using safe_yaml 1.0.5
Using jekyll 3.8.5
Using jekyll-avatar 0.6.0
Using jekyll-coffeescript 1.1.1
Using jekyll-commonmark 1.3.1
Using jekyll-commonmark-ghpages 0.1.5
Using jekyll-default-layout 0.1.4
Using jekyll-feed 0.11.0
Using jekyll-gist 1.5.0
Using jekyll-github-metadata 2.12.1
Using mini_portile2 2.4.0
Using nokogiri 1.10.10
Using html-pipeline 2.14.0
Using jekyll-mentions 1.4.1
Using jekyll-optional-front-matter 0.3.0
Using jekyll-paginate 1.1.0
Using jekyll-readme-index 0.2.0
Using jekyll-redirect-from 0.14.0
Using jekyll-relative-links 0.6.0
Using rubyzip 2.3.0
Using jekyll-remote-theme 0.3.1
Using jekyll-seo-tag 2.5.0
Using jekyll-sitemap 1.2.0
Using jekyll-swiss 0.4.0
Using jekyll-theme-architect 0.1.1
Using jekyll-theme-cayman 0.1.1
Using jekyll-theme-dinky 0.1.1
Using jekyll-theme-hacker 0.1.1
Using jekyll-theme-leap-day 0.1.1
Using jekyll-theme-merlot 0.1.1
Using jekyll-theme-midnight 0.1.1
Using jekyll-theme-minimal 0.1.1
Using jekyll-theme-modernist 0.1.1
Using jekyll-theme-primer 0.5.3
Using jekyll-theme-slate 0.1.1
Using jekyll-theme-tactile 0.1.1
Using jekyll-theme-time-machine 0.1.1
Using jekyll-titles-from-headings 0.5.1
Using jemoji 0.10.2
Using minima 2.5.0
Using unicode-display_width 1.7.0
Using terminal-table 1.8.0
Using github-pages 198
Using nokogumbo 2.0.2
Using parallel 1.19.2
Using rainbow 3.0.0
Using yell 2.2.2
Using html-proofer 3.15.3
Using modern-resume-theme 1.8.9 from source at `.`
Bundle complete! 2 Gemfile dependencies, 94 gems now installed.
Bundled gems are installed into `../vendor/bundle`
/usr/lib/ruby/vendor_ruby/rubygems/defaults/operating_system.rb:10: warning: constant Gem::ConfigMap is deprecated
/usr/lib/ruby/vendor_ruby/rubygems/defaults/operating_system.rb:10: warning: constant Gem::ConfigMap is deprecated
/usr/lib/ruby/vendor_ruby/rubygems/defaults/operating_system.rb:29: warning: constant Gem::ConfigMap is deprecated
/usr/lib/ruby/vendor_ruby/rubygems/defaults/operating_system.rb:30: warning: constant Gem::ConfigMap is deprecated
/usr/lib/ruby/vendor_ruby/rubygems/defaults/operating_system.rb:10: warning: constant Gem::ConfigMap is deprecated
/usr/lib/ruby/vendor_ruby/rubygems/defaults/operating_system.rb:10: warning: constant Gem::ConfigMap is deprecated
/usr/lib/ruby/vendor_ruby/rubygems/defaults/operating_system.rb:10: warning: constant Gem::ConfigMap is deprecated
/usr/lib/ruby/vendor_ruby/rubygems/defaults/operating_system.rb:10: warning: constant Gem::ConfigMap is deprecated
/usr/lib/ruby/vendor_ruby/rubygems/defaults/operating_system.rb:10: warning: constant Gem::ConfigMap is deprecated
Fetching gem metadata from https://rubygems.org/...........
/usr/lib/ruby/vendor_ruby/rubygems/defaults/operating_system.rb:10: warning: constant Gem::ConfigMap is deprecated
Fetching gem metadata from https://rubygems.org/.
Resolving dependencies.....
Using concurrent-ruby 1.1.7
Using i18n 0.9.5
Using minitest 5.14.2
Using thread_safe 0.3.6
Using tzinfo 1.2.7
Using activesupport 4.2.11.1
Using public_suffix 3.1.1
Using addressable 2.7.0
Using bundler 2.1.4
Using coffee-script-source 1.11.1
Using execjs 2.7.0
Using coffee-script 2.4.1
Using colorator 1.1.0
Using ruby-enum 0.8.0
Using commonmarker 0.17.13
Using unf_ext 0.0.7.7
Using unf 0.1.4
Using simpleidn 0.1.1
Using dnsruby 1.61.4
Using eventmachine 1.2.7
Using http_parser.rb 0.6.0
Using em-websocket 0.5.1
Using ffi 1.13.1
Using ethon 0.12.0
Using multipart-post 2.1.1
Using faraday 1.0.1
Using forwardable-extended 2.6.0
Using gemoji 3.0.1
Using sawyer 0.8.2
Using octokit 4.18.0
Using typhoeus 1.4.0
Using github-pages-health-check 1.16.1
Using rb-fsevent 0.10.4
Using rb-inotify 0.10.1
Using sass-listen 4.0.0
Using sass 3.7.4
Using jekyll-sass-converter 1.5.2
Using ruby_dep 1.5.0
Using listen 3.1.5
Using jekyll-watch 2.2.1
Using kramdown 1.17.0
Using liquid 4.0.0
Using mercenary 0.3.6
Using pathutil 0.16.2
Using rouge 2.2.1
Using safe_yaml 1.0.5
Using jekyll 3.8.5
Using jekyll-avatar 0.6.0
Using jekyll-coffeescript 1.1.1
Using jekyll-commonmark 1.3.1
Using jekyll-commonmark-ghpages 0.1.5
Using jekyll-default-layout 0.1.4
Using jekyll-feed 0.11.0
Using jekyll-gist 1.5.0
Using jekyll-github-metadata 2.12.1
Using mini_portile2 2.4.0
Using nokogiri 1.10.10
Using html-pipeline 2.14.0
Using jekyll-mentions 1.4.1
Using jekyll-optional-front-matter 0.3.0
Using jekyll-paginate 1.1.0
Using jekyll-readme-index 0.2.0
Using jekyll-redirect-from 0.14.0
Using jekyll-relative-links 0.6.0
Using rubyzip 2.3.0
Using jekyll-remote-theme 0.3.1
Using jekyll-seo-tag 2.5.0
Using jekyll-sitemap 1.2.0
Using jekyll-swiss 0.4.0
Using jekyll-theme-architect 0.1.1
Using jekyll-theme-cayman 0.1.1
Using jekyll-theme-dinky 0.1.1
Using jekyll-theme-hacker 0.1.1
Using jekyll-theme-leap-day 0.1.1
Using jekyll-theme-merlot 0.1.1
Using jekyll-theme-midnight 0.1.1
Using jekyll-theme-minimal 0.1.1
Using jekyll-theme-modernist 0.1.1
Using jekyll-theme-primer 0.5.3
Using jekyll-theme-slate 0.1.1
Using jekyll-theme-tactile 0.1.1
Using jekyll-theme-time-machine 0.1.1
Using jekyll-titles-from-headings 0.5.1
Using jemoji 0.10.2
Using minima 2.5.0
Using unicode-display_width 1.7.0
Using terminal-table 1.8.0
Using github-pages 198
Using nokogumbo 2.0.2
Using parallel 1.19.2
Using rainbow 3.0.0
Using yell 2.2.2
Using html-proofer 3.15.3
Using modern-resume-theme 1.8.9 from source at `.`
Bundle updated!
Build Successful
COMPILING COMPLETE
